============================= test session starts ==============================
platform linux -- Python 3.12.1, pytest-9.0.2, pluggy-1.6.0 -- /home/codespace/.python/current/bin/python
cachedir: .pytest_cache
rootdir: /workspaces/gitlab-attack-lab
plugins: anyio-4.11.0, timeout-2.4.0
timeout: 300.0s
timeout method: signal
timeout func_only: False
collecting ... collected 27 items

tests/test_integration.py::test_gitlab_is_healthy PASSED                 [  3%]
tests/test_integration.py::test_admin_authentication PASSED              [  7%]
tests/test_integration.py::test_users_created PASSED                     [ 11%]
tests/test_integration.py::test_groups_created PASSED                    [ 14%]
tests/test_integration.py::test_group_memberships PASSED                 [ 18%]
tests/test_integration.py::test_projects_created PASSED                  [ 22%]
tests/test_integration.py::test_repositories_imported PASSED             [ 25%]
tests/test_integration.py::test_ci_variables PASSED                      [ 29%]
tests/test_integration.py::test_ci_configs PASSED                        [ 33%]
tests/test_integration.py::test_runners_registered PASSED                [ 37%]
tests/test_integration.py::test_runners_online PASSED                    [ 40%]
tests/test_integration.py::test_docker_containers_running FAILED         [ 44%]
tests/test_integration.py::test_pipeleek_configured FAILED               [ 48%]
tests/test_pytest.py::TestGitLabHealth::test_gitlab_responds PASSED      [ 51%]
tests/test_pytest.py::TestGitLabHealth::test_admin_authentication PASSED [ 55%]
tests/test_pytest.py::TestUsers::test_all_users_created PASSED           [ 59%]
tests/test_pytest.py::TestGroups::test_all_groups_created PASSED         [ 62%]
tests/test_pytest.py::TestGroups::test_group_memberships PASSED          [ 66%]
tests/test_pytest.py::TestProjects::test_all_projects_created PASSED     [ 70%]
tests/test_pytest.py::TestProjects::test_repositories_have_content PASSED [ 74%]
tests/test_pytest.py::TestCICD::test_variables_created PASSED            [ 77%]
tests/test_pytest.py::TestCICD::test_ci_configs_exist PASSED             [ 81%]
tests/test_pytest.py::TestRunners::test_runners_registered PASSED        [ 85%]
tests/test_pytest.py::TestRunners::test_runners_contacted SKIPPED (R...) [ 88%]
tests/test_pytest.py::TestContainers::test_all_containers_running FAILED [ 92%]
tests/test_pytest.py::TestPentesterTools::test_pipeleek_installed FAILED [ 96%]
tests/test_pytest.py::TestPentesterTools::test_pipeleek_configured FAILED [100%]

=================================== FAILURES ===================================
________________________ test_docker_containers_running ________________________
tests/test_integration.py:333: in test_docker_containers_running
    assert expected in running_containers, f"Container '{expected}' not running"
E   AssertionError: Container 'pentester' not running
E   assert 'pentester' in ['gitlab-attack-lab', 'gitlab-runner-docker', 'gitlab-runner-shell', 'mailhog']
----------------------------- Captured stdout call -----------------------------
Testing container status...
  ✓ Container 'gitlab-attack-lab' is running
  ✓ Container 'gitlab-runner-docker' is running
  ✓ Container 'gitlab-runner-shell' is running
___________________________ test_pipeleek_configured ___________________________
tests/test_integration.py:346: in test_pipeleek_configured
    assert result.returncode == 0, "Pipeleek config file not found in pentester container"
E   AssertionError: Pipeleek config file not found in pentester container
E   assert 1 == 0
E    +  where 1 = CompletedProcess(args=['docker-compose', 'exec', '-T', 'pentester', 'test', '-f', '/root/.config/pipeleek/pipeleek.yaml'], returncode=1, stdout=b'', stderr=b'service "pentester" is not running\n').returncode
----------------------------- Captured stdout call -----------------------------
Testing Pipeleek configuration...
__________________ TestContainers.test_all_containers_running __________________
tests/test_pytest.py:309: in test_all_containers_running
    assert expected in running_containers, f"Container {expected} not running"
E   AssertionError: Container pentester not running
E   assert 'pentester' in {'gitlab-attack-lab', 'gitlab-runner-docker', 'gitlab-runner-shell', 'mailhog'}
__________________ TestPentesterTools.test_pipeleek_installed __________________
tests/test_pytest.py:322: in test_pipeleek_installed
    assert result.returncode == 0, "Pipeleek not found in pentester container"
E   AssertionError: Pipeleek not found in pentester container
E   assert 1 == 0
E    +  where 1 = CompletedProcess(args=['docker-compose', 'exec', '-T', 'pentester', 'which', 'pipeleek'], returncode=1, stdout='', stderr='service "pentester" is not running\n').returncode
_________________ TestPentesterTools.test_pipeleek_configured __________________
tests/test_pytest.py:333: in test_pipeleek_configured
    assert result.returncode == 0, "Pipeleek config file not found"
E   AssertionError: Pipeleek config file not found
E   assert 1 == 0
E    +  where 1 = CompletedProcess(args=['docker-compose', 'exec', '-T', 'pentester', 'test', '-f', '/root/.config/pipeleek/pipeleek.yaml'], returncode=1, stdout=b'', stderr=b'service "pentester" is not running\n').returncode
=========================== short test summary info ============================
FAILED tests/test_integration.py::test_docker_containers_running - AssertionE...
FAILED tests/test_integration.py::test_pipeleek_configured - AssertionError: ...
FAILED tests/test_pytest.py::TestContainers::test_all_containers_running - As...
FAILED tests/test_pytest.py::TestPentesterTools::test_pipeleek_installed - As...
FAILED tests/test_pytest.py::TestPentesterTools::test_pipeleek_configured - A...
=================== 5 failed, 21 passed, 1 skipped in 33.81s ===================
